{
  "RSpec": {
    "coverage": {
      "/Users/samfattah/Desktop/DPL/week5/sushi-testing/config/environment.rb": [
        null,
        1,
        null,
        null,
        1
      ],
      "/Users/samfattah/Desktop/DPL/week5/sushi-testing/config/application.rb": [
        1,
        null,
        1,
        null,
        1,
        1,
        1,
        1,
        1,
        1,
        1,
        1,
        null,
        null,
        null,
        null,
        1,
        null,
        1,
        1,
        null,
        1,
        null,
        null,
        null,
        null,
        null,
        null,
        1,
        null,
        null
      ],
      "/Users/samfattah/Desktop/DPL/week5/sushi-testing/config/boot.rb": [
        1,
        null,
        1
      ],
      "/Users/samfattah/Desktop/DPL/week5/sushi-testing/config/environments/test.rb": [
        1,
        null,
        null,
        null,
        null,
        null,
        null,
        1,
        null,
        null,
        null,
        null,
        1,
        null,
        null,
        1,
        1,
        null,
        null,
        null,
        null,
        1,
        1,
        null,
        null,
        1,
        null,
        null,
        1,
        1,
        null,
        null,
        null,
        null,
        1,
        null,
        null,
        1,
        null,
        null,
        null,
        null
      ],
      "/Users/samfattah/Desktop/DPL/week5/sushi-testing/config/initializers/application_controller_renderer.rb": [
        null,
        null,
        null,
        null,
        null,
        null,
        null,
        null
      ],
      "/Users/samfattah/Desktop/DPL/week5/sushi-testing/config/initializers/assets.rb": [
        null,
        null,
        null,
        1,
        null,
        null,
        null,
        null,
        1,
        null,
        null,
        null,
        null,
        null
      ],
      "/Users/samfattah/Desktop/DPL/week5/sushi-testing/config/initializers/backtrace_silencers.rb": [
        null,
        null,
        null,
        null,
        null,
        null,
        null
      ],
      "/Users/samfattah/Desktop/DPL/week5/sushi-testing/config/initializers/cookies_serializer.rb": [
        null,
        null,
        null,
        null,
        1
      ],
      "/Users/samfattah/Desktop/DPL/week5/sushi-testing/config/initializers/devise.rb": [
        null,
        null,
        1,
        null,
        null,
        null,
        null,
        null,
        null,
        null,
        null,
        null,
        null,
        null,
        1,
        null,
        null,
        null,
        null,
        null,
        null,
        null,
        null,
        null,
        null,
        null,
        1,
        null,
        null,
        null,
        null,
        null,
        null,
        null,
        null,
        null,
        null,
        null,
        null,
        null,
        null,
        null,
        null,
        null,
        null,
        null,
        null,
        null,
        1,
        null,
        null,
        null,
        null,
        1,
        null,
        null,
        null,
        null,
        null,
        null,
        null,
        null,
        null,
        null,
        null,
        null,
        null,
        null,
        null,
        null,
        null,
        null,
        null,
        null,
        null,
        null,
        null,
        null,
        null,
        null,
        null,
        null,
        null,
        null,
        1,
        null,
        null,
        null,
        null,
        null,
        null,
        null,
        null,
        null,
        null,
        null,
        null,
        null,
        null,
        null,
        null,
        null,
        null,
        null,
        null,
        null,
        null,
        1,
        null,
        null,
        null,
        null,
        null,
        null,
        null,
        null,
        null,
        null,
        null,
        null,
        null,
        null,
        null,
        null,
        null,
        null,
        null,
        null,
        null,
        null,
        null,
        null,
        null,
        null,
        null,
        null,
        null,
        null,
        1,
        null,
        null,
        null,
        null,
        null,
        null,
        null,
        null,
        null,
        1,
        null,
        null,
        null,
        null,
        null,
        null,
        null,
        null,
        null,
        null,
        1,
        null,
        null,
        null,
        null,
        1,
        null,
        null,
        null,
        null,
        null,
        null,
        null,
        null,
        null,
        null,
        null,
        null,
        null,
        null,
        null,
        null,
        null,
        null,
        null,
        null,
        null,
        null,
        null,
        null,
        null,
        null,
        null,
        null,
        null,
        null,
        null,
        null,
        null,
        null,
        null,
        null,
        null,
        null,
        null,
        null,
        1,
        null,
        null,
        null,
        null,
        null,
        null,
        null,
        null,
        null,
        null,
        null,
        null,
        null,
        null,
        null,
        null,
        null,
        null,
        null,
        null,
        null,
        null,
        null,
        null,
        null,
        null,
        null,
        null,
        null,
        null,
        null,
        null,
        null,
        null,
        null,
        null,
        null,
        null,
        null,
        null,
        null,
        1,
        null,
        null,
        null,
        null,
        null,
        null,
        null,
        null,
        null,
        null,
        null,
        null,
        null,
        null,
        null,
        null,
        null,
        null,
        null,
        null,
        null,
        null,
        null,
        null,
        null,
        null,
        null,
        null,
        null
      ],
      "/Users/samfattah/Desktop/DPL/week5/sushi-testing/config/initializers/filter_parameter_logging.rb": [
        null,
        null,
        null,
        1
      ],
      "/Users/samfattah/Desktop/DPL/week5/sushi-testing/config/initializers/inflections.rb": [
        null,
        null,
        null,
        null,
        null,
        null,
        null,
        null,
        null,
        null,
        null,
        null,
        null,
        null,
        null,
        null
      ],
      "/Users/samfattah/Desktop/DPL/week5/sushi-testing/config/initializers/mime_types.rb": [
        null,
        null,
        null,
        null
      ],
      "/Users/samfattah/Desktop/DPL/week5/sushi-testing/config/initializers/wrap_parameters.rb": [
        null,
        null,
        null,
        null,
        null,
        null,
        1,
        1,
        null,
        null,
        null,
        null,
        null,
        null
      ],
      "/Users/samfattah/Desktop/DPL/week5/sushi-testing/spec/factories/sushi_rolls.rb": [
        1,
        1,
        1,
        1,
        1,
        1,
        1,
        null,
        null
      ],
      "/Users/samfattah/Desktop/DPL/week5/sushi-testing/spec/factories/users.rb": [
        1,
        1,
        10,
        null,
        null,
        1,
        1,
        1,
        1,
        1,
        1,
        1,
        null,
        null
      ],
      "/Users/samfattah/Desktop/DPL/week5/sushi-testing/config/routes.rb": [
        1,
        1,
        1,
        1,
        null,
        null
      ],
      "/Users/samfattah/Desktop/DPL/week5/sushi-testing/app/models/user.rb": [
        1,
        null,
        null,
        null,
        1,
        null,
        null,
        1,
        1,
        1,
        1,
        null,
        null,
        null,
        null,
        null,
        null
      ],
      "/Users/samfattah/Desktop/DPL/week5/sushi-testing/app/models/application_record.rb": [
        1,
        1,
        null
      ],
      "/Users/samfattah/Desktop/DPL/week5/sushi-testing/app/helpers/application_helper.rb": [
        1,
        null
      ],
      "/Users/samfattah/Desktop/DPL/week5/sushi-testing/app/helpers/sushi_rolls_helper.rb": [
        1,
        null
      ],
      "/Users/samfattah/Desktop/DPL/week5/sushi-testing/spec/support/controller_macros.rb": [
        1,
        1,
        1,
        10,
        10,
        10,
        null,
        null,
        null
      ],
      "/Users/samfattah/Desktop/DPL/week5/sushi-testing/app/controllers/sushi_rolls_controller.rb": [
        1,
        1,
        null,
        1,
        1,
        null,
        null,
        1,
        null,
        null,
        1,
        1,
        null,
        null,
        1,
        null,
        null,
        1,
        2,
        null,
        2,
        1,
        null,
        1,
        null,
        null,
        null,
        1,
        2,
        2,
        null,
        0,
        null,
        null,
        null,
        1,
        2,
        2,
        null,
        null,
        1,
        null,
        1,
        6,
        null,
        null,
        1,
        4,
        null,
        null,
        null
      ],
      "/Users/samfattah/Desktop/DPL/week5/sushi-testing/app/controllers/application_controller.rb": [
        1,
        1,
        null
      ],
      "/Users/samfattah/Desktop/DPL/week5/sushi-testing/app/models/sushi_roll.rb": [
        1,
        1,
        1,
        null,
        null,
        null,
        null,
        null,
        null,
        null,
        null,
        null,
        null
      ]
    },
    "timestamp": 1505361358
  }
}
